Arguments: 
  /nix/store/0fj8xvbdk7j79pyhif44xz2mkl6vyv0b-nodejs-13.8.0/bin/node /home/srghma/.node_modules/bin/yarn run examples:test --watch

PATH: 
  /home/srghma/.gem/ruby/2.4.0/bin:/home/srghma/.node_modules/bin:/nix/store/a2k6rccrz460gshcyl8872sip9128q0z-kitty-0.17.4/bin:/nix/store/wvq3i7qap2zyz36l3j9lwfdbma1b2klb-imagemagick-6.9.11-14/bin:/nix/store/6n9hbj0m390w09d1kx9xgkcachnn94s0-xsel-unstable-2019-08-21/bin:/nix/store/mihrmscq3c9mh84i05la30rbxb82wqjj-ncurses-6.2-dev/bin:/home/srghma/bin:/run/wrappers/bin:/home/srghma/.nix-profile/bin:/etc/profiles/per-user/srghma/bin:/nix/var/nix/profiles/default/bin:/run/current-system/sw/bin:./node_modules/.bin

Yarn version: 
  1.19.1

Node version: 
  13.8.0

Platform: 
  linux x64

Trace: 
  SyntaxError: /home/srghma/projects/purescript-graphql-client/package.json: Unexpected token } in JSON at position 323
      at JSON.parse (<anonymous>)
      at /home/srghma/.node_modules/lib/node_modules/yarn/lib/cli.js:1625:59
      at Generator.next (<anonymous>)
      at step (/home/srghma/.node_modules/lib/node_modules/yarn/lib/cli.js:304:30)
      at /home/srghma/.node_modules/lib/node_modules/yarn/lib/cli.js:315:13

npm manifest: 
  {
    "name": "purescript-GraphqlClient",
    "version": "1.0.0",
    "description": "Graphql client library",
    "main": "index.js",
    "directories": {
      "example": "examples",
      "test": "test"
    },
    "scripts": {
      "test": "spago test --main MyTest.Main",
      "examples:test": "spago test --main Examples.MyTests.Main",
    },
    "repository": {
      "type": "git",
      "url": "git+https://github.com/dyerw/purescript-GraphqlClient.git"
    },
    "keywords": [
      "graphql",
      "purescript",
      "client"
    ],
    "author": "Liam Dyer <liamd94@gmail.com>, Serhii Khoma <srghma@gmail.com>",
    "license": "MIT",
    "bugs": {
      "url": "https://github.com/dyerw/purescript-GraphqlClient/issues"
    },
    "homepage": "https://github.com/dyerw/purescript-GraphqlClient#readme",
    "devDependencies": {
      "graphql-request": "^1.8.2",
      "json-diff": "^0.5.4",
      "xhr2": "^0.2.0"
    },
    "dependencies": {
      "graphql": "^15.0.0"
    }
  }

yarn manifest: 
  No manifest

Lockfile: 
  # THIS IS AN AUTOGENERATED FILE. DO NOT EDIT THIS FILE DIRECTLY.
  # yarn lockfile v1
  
  
  cli-color@~0.1.6:
    version "0.1.7"
    resolved "https://registry.yarnpkg.com/cli-color/-/cli-color-0.1.7.tgz#adc3200fa471cc211b0da7f566b71e98b9d67347"
    integrity sha1-rcMgD6RxzCEbDaf1ZrcemLnWc0c=
    dependencies:
      es5-ext "0.8.x"
  
  cross-fetch@2.2.2:
    version "2.2.2"
    resolved "https://registry.yarnpkg.com/cross-fetch/-/cross-fetch-2.2.2.tgz#a47ff4f7fc712daba8f6a695a11c948440d45723"
    integrity sha1-pH/09/xxLauo9qaVoRyUhEDUVyM=
    dependencies:
      node-fetch "2.1.2"
      whatwg-fetch "2.0.4"
  
  difflib@~0.2.1:
    version "0.2.4"
    resolved "https://registry.yarnpkg.com/difflib/-/difflib-0.2.4.tgz#b5e30361a6db023176d562892db85940a718f47e"
    integrity sha1-teMDYabbAjF21WKJLbhZQKcY9H4=
    dependencies:
      heap ">= 0.2.0"
  
  dreamopt@~0.6.0:
    version "0.6.0"
    resolved "https://registry.yarnpkg.com/dreamopt/-/dreamopt-0.6.0.tgz#d813ccdac8d39d8ad526775514a13dda664d6b4b"
    integrity sha1-2BPM2sjTnYrVJndVFKE92mZNa0s=
    dependencies:
      wordwrap ">=0.0.2"
  
  es5-ext@0.8.x:
    version "0.8.2"
    resolved "https://registry.yarnpkg.com/es5-ext/-/es5-ext-0.8.2.tgz#aba8d9e1943a895ac96837a62a39b3f55ecd94ab"
    integrity sha1-q6jZ4ZQ6iVrJaDemKjmz9V7NlKs=
  
  graphql-request@^1.8.2:
    version "1.8.2"
    resolved "https://registry.yarnpkg.com/graphql-request/-/graphql-request-1.8.2.tgz#398d10ae15c585676741bde3fc01d5ca948f8fbe"
    integrity sha512-dDX2M+VMsxXFCmUX0Vo0TopIZIX4ggzOtiCsThgtrKR4niiaagsGTDIHj3fsOMFETpa064vzovI+4YV4QnMbcg==
    dependencies:
      cross-fetch "2.2.2"
  
  graphql@^15.0.0:
    version "15.0.0"
    resolved "https://registry.yarnpkg.com/graphql/-/graphql-15.0.0.tgz#042a5eb5e2506a2e2111ce41eb446a8e570b8be9"
    integrity sha512-ZyVO1xIF9F+4cxfkdhOJINM+51B06Friuv4M66W7HzUOeFd+vNzUn4vtswYINPi6sysjf1M2Ri/rwZALqgwbaQ==
  
  "heap@>= 0.2.0":
    version "0.2.6"
    resolved "https://registry.yarnpkg.com/heap/-/heap-0.2.6.tgz#087e1f10b046932fc8594dd9e6d378afc9d1e5ac"
    integrity sha1-CH4fELBGky/IWU3Z5tN4r8nR5aw=
  
  json-diff@^0.5.4:
    version "0.5.4"
    resolved "https://registry.yarnpkg.com/json-diff/-/json-diff-0.5.4.tgz#7bc8198c441756632aab66c7d9189d365a7a035a"
    integrity sha512-q5Xmx9QXNOzOzIlMoYtLrLiu4Jl/Ce2bn0CNcv54PhyH89CI4GWlGVDye8ei2Ijt9R3U+vsWPsXpLUNob8bs8Q==
    dependencies:
      cli-color "~0.1.6"
      difflib "~0.2.1"
      dreamopt "~0.6.0"
  
  node-fetch@2.1.2:
    version "2.1.2"
    resolved "https://registry.yarnpkg.com/node-fetch/-/node-fetch-2.1.2.tgz#ab884e8e7e57e38a944753cec706f788d1768bb5"
    integrity sha1-q4hOjn5X44qUR1POxwb3iNF2i7U=
  
  whatwg-fetch@2.0.4:
    version "2.0.4"
    resolved "https://registry.yarnpkg.com/whatwg-fetch/-/whatwg-fetch-2.0.4.tgz#dde6a5df315f9d39991aa17621853d720b85566f"
    integrity sha512-dcQ1GWpOD/eEQ97k66aiEVpNnapVj90/+R+SXTPYGHpYBBypfKJEQjLrvMZ7YXbKm21gXd4NcuxUTjiv1YtLng==
  
  wordwrap@>=0.0.2:
    version "1.0.0"
    resolved "https://registry.yarnpkg.com/wordwrap/-/wordwrap-1.0.0.tgz#27584810891456a4171c8d0226441ade90cbcaeb"
    integrity sha1-J1hIEIkUVqQXHI0CJkQa3pDLyus=
  
  xhr2@^0.2.0:
    version "0.2.0"
    resolved "https://registry.yarnpkg.com/xhr2/-/xhr2-0.2.0.tgz#eddeff782f3b7551061b8d75645085269396e521"
    integrity sha512-BDtiD0i2iKPK/S8OAZfpk6tyzEDnKKSjxWHcMBVmh+LuqJ8A32qXTyOx+TVOg2dKvq6zGBq2sgKPkEeRs1qTRA==
